T2494 000:000.690   SEGGER J-Link V7.98g Log File
T2494 000:000.957   DLL Compiled: Sep  5 2024 11:46:36
T2494 000:000.968   Logging started @ 2025-03-07 08:19
T2494 000:000.976   Process: C:\Users\User\.eclipse\com.renesas.platform_1435879475\DebugComp\RA\e2-server-gdb.exe
T2494 000:000.987 - 0.984ms
T2494 000:001.007 JLINK_GetDLLVersion()
T2494 000:001.015 - 0.009ms returns 79807
T2494 000:004.416 JLINK_OpenEx(...)
T2494 000:011.061   Firmware: J-Link OB-S124 compiled Jul  3 2024 17:03:07
T2494 000:012.248   Firmware: J-Link OB-S124 compiled Jul  3 2024 17:03:07
T2494 000:037.042   Hardware: V1.00
T2494 000:037.092   S/N: 831129618
T2494 000:037.103   OEM: SEGGER
T2494 000:037.114   Feature(s): None
T2494 000:038.334   Bootloader: 2019 Oct 15
T2494 000:039.431   USB speed mode: Full speed (12 MBit/s)
T2494 000:040.268   TELNET listener socket opened on port 19021
T2494 000:040.544   WEBSRV WEBSRV_Init(): Starting webserver thread(s)
T2494 000:040.748   WEBSRV Webserver running on local port 19080
T2494 000:040.960   Looking for J-Link GUI Server exe at: C:\Users\User\.eclipse\com.renesas.platform_1435879475\DebugComp\RA\ARM\Segger_v7.98.7\JLinkGUIServer.exe
T2494 000:041.140   Looking for J-Link GUI Server exe at: \JLinkGUIServer.exe
T2494 000:341.936   Failed to connect to J-Link GUI Server.
T2494 000:342.225 - 337.782ms returns "O.K."
T2494 000:342.473 JLINK_ExecCommand("ProjectFile=C:\Users\User\e2_studio\workspace\SmartHome/SmartHome Debug_Flat.jlink", ...). 
T2494 000:376.424 - 33.958ms returns 0x00
T2494 000:377.258 JLINK_ExecCommand("device=R7FA4M2AD", ...). 
T2494 000:379.000   Flash bank @ 0x0100A100: SFL: Parsing sectorization info from ELF file
T2494 000:379.036     FlashDevice.SectorInfo[0]: .SectorSize = 0x00000010, .SectorStartAddr = 0x00000000
T2494 000:379.060   FlashBank @0x0100A100: Sectorization info from SFL ELF file ignored because sectorization override from DLL / XML file is active.
T2494 000:379.769   Flash bank @ 0x60000000: SFL: Parsing sectorization info from ELF file
T2494 000:379.799     FlashDevice.SectorInfo[0]: .SectorSize = 0x00010000, .SectorStartAddr = 0x00000000
T2494 000:383.750   Device "R7FA4M2AD" selected.
T2494 000:384.121 - 6.830ms returns 0x00
T2494 000:384.141 JLINK_TIF_GetAvailable(...)
T2494 000:384.465 - 0.323ms
T2494 000:384.483 JLINK_TIF_Select(JLINKARM_TIF_SWD)
T2494 000:385.450 - 0.966ms returns 0x00
T2494 000:385.491 JLINK_SetSpeed(4000)
T2494 000:385.599 - 0.113ms
T2494 000:385.629 JLINK_ReadMem(0xE000EDF0, 0x4 Bytes, ...)
T2494 000:386.037   ConfigTargetSettings() start
T2494 000:386.054    J-Link Script File: Executing ConfigTargetSettings()
T2494 000:386.066   Configuring FlashDLNoRMWThreshold=0x200 in order to make sure that option bytes programming is done via read-modify-write
T2494 000:407.558   ConfigTargetSettings() end - Took 21.5ms
T2494 000:407.579   InitTarget() start
T2494 000:407.590    J-Link Script File: Executing InitTarget()
T2494 000:407.599   SWD selected. Executing JTAG -> SWD switching sequence.
T2494 000:411.414   DAP initialized successfully.
T2494 000:411.444   Determining TrustZone configuration...
T2494 000:414.360     Secure Debug: Enabled (SSD)
T2494 000:414.384   Determining currently configured transfer type by reading the AHB-AP CSW register.
T2494 000:416.719     --> Correct transfer type configured. Done.
T2494 000:416.742   InitTarget() end - Took 9.15ms
T2494 000:417.914   Found SW-DP with ID 0x6BA02477
T2494 000:421.849   DPIDR: 0x6BA02477
T2494 000:421.865   CoreSight SoC-400 or earlier
T2494 000:421.876   Scanning AP map to find all available APs
T2494 000:423.813   AP[2]: Stopped AP scan as end of AP map has been reached
T2494 000:423.830   AP[0]: AHB-AP (IDR: 0x84770001, ADDR: 0x00000000)
T2494 000:423.841   AP[1]: APB-AP (IDR: 0x54770002, ADDR: 0x01000000)
T2494 000:423.851   Iterating through AP map to find AHB-AP to use
T2494 000:425.466   AP[0]: Core found
T2494 000:425.501   AP[0]: AHB-AP ROM base: 0xE00FE000
T2494 000:426.336   CPUID register: 0x410FD214. Implementer code: 0x41 (ARM)
T2494 000:426.404   Feature set: Mainline
T2494 000:427.250   Cache: No cache
T2494 000:427.272   Found Cortex-M33 r0p4, Little endian.
T2494 000:427.880   -- Max. mem block: 0x00001960
T2494 000:429.472   CPU_ReadMem(4 bytes @ 0xE000EDF0)
T2494 000:430.371   CPU_ReadMem(4 bytes @ 0xE0002000)
T2494 000:431.046   FPUnit: 8 code (BP) slots and 0 literal slots
T2494 000:431.065   CPU_ReadMem(4 bytes @ 0xE000EDFC)
T2494 000:431.716   CPU_ReadMem(4 bytes @ 0xE0001000)
T2494 000:432.325   CPU_ReadMem(4 bytes @ 0xE0001000)
T2494 000:433.014   CPU_ReadMem(4 bytes @ 0xE0001028)
T2494 000:433.714   CPU_ReadMem(4 bytes @ 0xE0001038)
T2494 000:434.324   CPU_ReadMem(4 bytes @ 0xE0001048)
T2494 000:434.930   CPU_ReadMem(4 bytes @ 0xE0001058)
T2494 000:435.518   CPU_WriteMem(4 bytes @ 0xE0001000)
T2494 000:436.206   CPU_ReadMem(4 bytes @ 0xE000ED88)
T2494 000:436.853   CPU_WriteMem(4 bytes @ 0xE000ED88)
T2494 000:437.539   CPU_ReadMem(4 bytes @ 0xE000ED88)
T2494 000:438.316   CPU_WriteMem(4 bytes @ 0xE000ED88)
T2494 000:439.245   CPU_ReadMem(4 bytes @ 0xE000EFB8)
T2494 000:440.109   Security extension: implemented
T2494 000:440.133   Secure debug: enabled
T2494 000:440.144   CoreSight components:
T2494 000:440.154   ROMTbl[0] @ E00FE000
T2494 000:440.166   CPU_ReadMem(64 bytes @ 0xE00FE000)
T2494 000:441.816   CPU_ReadMem(32 bytes @ 0xE0044FE0)
T2494 000:442.947   CPU_ReadMem(4 bytes @ 0xE0044FBC)
T2494 000:443.737   CPU_ReadMem(4 bytes @ 0xE0044FCC)
T2494 000:444.561   [0][0]: E0044000 CID B105900D PID 005BB906 DEVARCH 00000000 DEVTYPE 14 CTI (?)
T2494 000:444.578   CPU_ReadMem(32 bytes @ 0xE0047FE0)
T2494 000:445.723   CPU_ReadMem(4 bytes @ 0xE0047FBC)
T2494 000:446.664   CPU_ReadMem(4 bytes @ 0xE0047FCC)
T2494 000:447.405   [0][1]: E0047000 CID B105900D PID 003BB908 DEVARCH 00000000 DEVTYPE 12 CSTF
T2494 000:447.423   CPU_ReadMem(32 bytes @ 0xE0048FE0)
T2494 000:448.658   CPU_ReadMem(4 bytes @ 0xE0048FBC)
T2494 000:449.414   CPU_ReadMem(4 bytes @ 0xE0048FCC)
T2494 000:450.186   [0][2]: E0048000 CID B105900D PID 001BB961 DEVARCH 00000000 DEVTYPE 21 ETB
T2494 000:450.204   CPU_ReadMem(32 bytes @ 0xE0049FE0)
T2494 000:451.345   [0][3]: E0049000 CID B105F00D PID 001BB101 TSG
T2494 000:451.363   CPU_ReadMem(32 bytes @ 0xE0040FE0)
T2494 000:452.631   CPU_ReadMem(4 bytes @ 0xE0040FBC)
T2494 000:453.378   CPU_ReadMem(4 bytes @ 0xE0040FCC)
T2494 000:454.173   [0][4]: E0040000 CID B105900D PID 000BBD21 DEVARCH 00000000 DEVTYPE 11 TPIU
T2494 000:454.203   CPU_ReadMem(32 bytes @ 0xE00FFFE0)
T2494 000:455.340   [0][5]: E00FF000 CID B105100D PID 000BB4C9 ROM Table
T2494 000:455.369   ROMTbl[1] @ E00FF000
T2494 000:455.381   CPU_ReadMem(64 bytes @ 0xE00FF000)
T2494 000:456.982   CPU_ReadMem(32 bytes @ 0xE000EFE0)
T2494 000:458.074   CPU_ReadMem(4 bytes @ 0xE000EFBC)
T2494 000:458.700   CPU_ReadMem(4 bytes @ 0xE000EFCC)
T2494 000:459.342   [1][0]: E000E000 CID B105900D PID 000BBD21 DEVARCH 47702A04 DEVTYPE 00 Cortex-M33
T2494 000:459.377   CPU_ReadMem(32 bytes @ 0xE0001FE0)
T2494 000:460.676   CPU_ReadMem(4 bytes @ 0xE0001FBC)
T2494 000:461.558   CPU_ReadMem(4 bytes @ 0xE0001FCC)
T2494 000:462.383   [1][1]: E0001000 CID B105900D PID 000BBD21 DEVARCH 47701A02 DEVTYPE 00 DWT
T2494 000:462.400   CPU_ReadMem(32 bytes @ 0xE0002FE0)
T2494 000:463.636   CPU_ReadMem(4 bytes @ 0xE0002FBC)
T2494 000:464.565   CPU_ReadMem(4 bytes @ 0xE0002FCC)
T2494 000:465.324   [1][2]: E0002000 CID B105900D PID 000BBD21 DEVARCH 47701A03 DEVTYPE 00 FPB
T2494 000:465.342   CPU_ReadMem(32 bytes @ 0xE0000FE0)
T2494 000:466.629   CPU_ReadMem(4 bytes @ 0xE0000FBC)
T2494 000:467.538   CPU_ReadMem(4 bytes @ 0xE0000FCC)
T2494 000:468.324   [1][3]: E0000000 CID B105900D PID 000BBD21 DEVARCH 47701A01 DEVTYPE 43 ITM
T2494 000:468.342   CPU_ReadMem(32 bytes @ 0xE0041FE0)
T2494 000:469.634   CPU_ReadMem(4 bytes @ 0xE0041FBC)
T2494 000:470.563   CPU_ReadMem(4 bytes @ 0xE0041FCC)
T2494 000:471.324   [1][5]: E0041000 CID B105900D PID 002BBD21 DEVARCH 47724A13 DEVTYPE 13 ETM
T2494 000:471.342   CPU_ReadMem(32 bytes @ 0xE0042FE0)
T2494 000:472.635   CPU_ReadMem(4 bytes @ 0xE0042FBC)
T2494 000:473.560   CPU_ReadMem(4 bytes @ 0xE0042FCC)
T2494 000:474.322   [1][6]: E0042000 CID B105900D PID 000BBD21 DEVARCH 47701A14 DEVTYPE 14 CSS600-CTI
T2494 000:474.407   CPU_ReadMem(4 bytes @ 0xE000EDF0)
T2494 000:475.217   Data:  03 00 13 00
T2494 000:475.247   Debug reg: DHCSR
T2494 000:475.273 - 89.643ms returns 0
T2494 000:475.490 JLINK_ReadMem(0x400E002C, 0x4 Bytes, ...)
T2494 000:475.520   CPU_ReadMem(4 bytes @ 0x400E002C)
T2494 000:476.271   Data:  02 00 00 00
T2494 000:476.301 - 0.811ms returns 0
T2494 000:476.345 JLINK_ReadMem(0xE000EDF0, 0x4 Bytes, ...)
T2494 000:476.357   CPU_ReadMem(4 bytes @ 0xE000EDF0)
T2494 000:477.226   Data:  03 00 13 00
T2494 000:477.255   Debug reg: DHCSR
T2494 000:477.266 - 0.920ms returns 0
T2494 000:477.311 JLINK_ReadMem(0xE000EDF0, 0x4 Bytes, ...)
T2494 000:477.324   CPU_ReadMem(4 bytes @ 0xE000EDF0)
T2494 000:478.099   Data:  03 00 13 00
T2494 000:478.129   Debug reg: DHCSR
T2494 000:478.139 - 0.828ms returns 0
T2494 000:478.152 JLINK_ReadMem(0x400E001C, 0x4 Bytes, ...)
T2494 000:478.163   CPU_ReadMem(4 bytes @ 0x400E001C)
T2494 000:478.875   Data:  00 0C 00 00
T2494 000:478.892 - 0.740ms returns 0
T2494 000:478.909 JLINK_ReadMem(0xE000EDF0, 0x4 Bytes, ...)
T2494 000:478.920   CPU_ReadMem(4 bytes @ 0xE000EDF0)
T2494 000:479.786   Data:  03 00 13 00
T2494 000:479.802   Debug reg: DHCSR
T2494 000:479.813 - 0.904ms returns 0
T2494 000:479.826 JLINK_ReadMem(0x400E0018, 0x4 Bytes, ...)
T2494 000:479.837   CPU_ReadMem(4 bytes @ 0x400E0018)
T2494 000:480.451   Data:  00 80 00 00
T2494 000:480.468 - 0.641ms returns 0
T2494 000:480.485 JLINK_ReadMem(0xE000EDF0, 0x4 Bytes, ...)
T2494 000:480.497   CPU_ReadMem(4 bytes @ 0xE000EDF0)
T2494 000:481.264   Data:  03 00 13 00
T2494 000:481.280   Debug reg: DHCSR
T2494 000:481.291 - 0.806ms returns 0
T2494 000:481.304 JLINK_ReadMem(0x400E0020, 0x4 Bytes, ...)
T2494 000:481.315   CPU_ReadMem(4 bytes @ 0x400E0020)
T2494 000:482.002   Data:  00 00 00 00
T2494 000:482.019 - 0.714ms returns 0
T2494 000:482.036 JLINK_ReadMem(0xE000EDF0, 0x4 Bytes, ...)
T2494 000:482.047   CPU_ReadMem(4 bytes @ 0xE000EDF0)
T2494 000:482.876   Data:  03 00 13 00
T2494 000:482.893   Debug reg: DHCSR
T2494 000:482.904 - 0.868ms returns 0
T2494 000:482.917 JLINK_ReadMem(0x400E0028, 0x4 Bytes, ...)
T2494 000:482.941   CPU_ReadMem(4 bytes @ 0x400E0028)
T2494 000:483.817   Data:  00 08 00 00
T2494 000:483.834 - 0.916ms returns 0
T2494 000:483.850 JLINK_ReadMem(0xE000EDF0, 0x4 Bytes, ...)
T2494 000:483.862   CPU_ReadMem(4 bytes @ 0xE000EDF0)
T2494 000:484.703   Data:  03 00 13 00
T2494 000:484.720   Debug reg: DHCSR
T2494 000:484.731 - 0.880ms returns 0
T2494 000:484.744 JLINK_ReadMem(0x400E0024, 0x4 Bytes, ...)
T2494 000:484.756   CPU_ReadMem(4 bytes @ 0x400E0024)
T2494 000:485.663   Data:  00 20 00 00
T2494 000:485.680 - 0.935ms returns 0
T2494 000:485.697 JLINK_ReadMem(0xE000EDF0, 0x4 Bytes, ...)
T2494 000:485.708   CPU_ReadMem(4 bytes @ 0xE000EDF0)
T2494 000:486.589   Data:  03 00 13 00
T2494 000:486.604   Debug reg: DHCSR
T2494 000:486.615 - 0.918ms returns 0
T2494 000:486.628 JLINK_ReadMem(0x400E002C, 0x4 Bytes, ...)
T2494 000:486.638   CPU_ReadMem(4 bytes @ 0x400E002C)
T2494 000:487.352   Data:  02 00 00 00
T2494 000:487.368 - 0.740ms returns 0
T2494 000:487.410 JLINK_ReadMem(0xE000EDF0, 0x4 Bytes, ...)
T2494 000:487.433   CPU_ReadMem(4 bytes @ 0xE000EDF0)
T2494 000:488.069   Data:  03 00 13 00
T2494 000:488.085   Debug reg: DHCSR
T2494 000:488.108 - 0.711ms returns 0
T2494 000:488.134 JLINK_ReadMem(0x400E002C, 0x4 Bytes, ...)
T2494 000:488.159   CPU_ReadMem(4 bytes @ 0x400E002C)
T2494 000:488.757   Data:  02 00 00 00
T2494 000:488.846 - 0.711ms returns 0
T2494 000:498.385 JLINK_Close()
T2494 000:522.570 - 24.185ms
T2494 000:522.605   
T2494 000:522.612   Closed
